
ROM used:   768 (9%)
            768 (9%) including unused fragments

            1 Average locations per line
            18 Average locations per statement

RAM used:   31 (6%) at main() level
            66 (13%) worst case

Stack used: 3/16 worst case (1 in main + 2 for interrupts)

Lines Stmts  %   Files
----- ----- ---  -----
  151    43 100  sin timer.c
  651     0   0  ..\..\..\..\Program Files (x86)\PICC\Devices\16f1937.h
----- -----
  802    43 Total

Page ROM  %  RAM   Vol Diff  Functions:
---- --- --- ---   --- ----  ----------
0    523  68   4   289  5.3  serial_isr
0     29   4   2             @ITOF
 Inline       13             @MULFF
 Inline       16             @ADDFF
 Inline        0   136  3.3  LlenarVector
0     53   7   0    27  1.0  MAIN
0    114  15   0   123  1.2  Mcu_init
0     17   2   0             @const105
 Inline        4             @PSTRINGC7_9600_118_119
 Inline        0             @cinit1

Program metrics:
    Functions               4
    Statements              43
    Comments                157
    Volume (V)              809
    Difficulty (D)          10.0
    Effort to implement (E) 8126
    Time to implement (T)   8 minutes
    Est Delivered Bugs (B)  0
    Cyclomatic Complexity   3
    Maintainability (MI)    91

 Segment     Used  Free
-----------  ----  ----
00000-00002     3  0  
00003-00003     0  1  
00004-00020    29  0  
00021-007FF   736  1279  
00800-00FFF     0  2048  
01000-017FF     0  2048  
01800-01FFF     0  2048  



